Started GET "/" for ::1 at 2019-10-26 11:43:58 -0300
  [1m[35m (13.3ms)[0m  [1m[34mSELECT sqlite_version(*)[0m
Processing by Rails::WelcomeController#index as HTML
  Rendering c:/Ruby26-x64/lib/ruby/gems/2.6.0/gems/railties-6.0.0/lib/rails/templates/rails/welcome/index.html.erb
  Rendered c:/Ruby26-x64/lib/ruby/gems/2.6.0/gems/railties-6.0.0/lib/rails/templates/rails/welcome/index.html.erb (Duration: 38.1ms | Allocations: 416)
Completed 200 OK in 104ms (Views: 71.9ms | ActiveRecord: 0.0ms | Allocations: 2333)


  [1m[35m (4.7ms)[0m  [1m[34mSELECT sqlite_version(*)[0m
  [1m[35m (77.8ms)[0m  [1m[35mCREATE TABLE "schema_migrations" ("version" varchar NOT NULL PRIMARY KEY)[0m
  [1m[35m (109.2ms)[0m  [1m[35mCREATE TABLE "ar_internal_metadata" ("key" varchar NOT NULL PRIMARY KEY, "value" varchar, "created_at" datetime(6) NOT NULL, "updated_at" datetime(6) NOT NULL)[0m
  [1m[35m (0.3ms)[0m  [1m[34mSELECT "schema_migrations"."version" FROM "schema_migrations" ORDER BY "schema_migrations"."version" ASC[0m
Migrating to CreateArticles (20191026174728)
  [1m[35m (0.1ms)[0m  [1m[36mbegin transaction[0m
  [1m[35m (2.0ms)[0m  [1m[35mCREATE TABLE "articles" ("id" integer PRIMARY KEY AUTOINCREMENT NOT NULL, "title" varchar, "text" text, "created_at" datetime(6) NOT NULL, "updated_at" datetime(6) NOT NULL)[0m
  [1m[36mprimary::SchemaMigration Create (0.2ms)[0m  [1m[32mINSERT INTO "schema_migrations" ("version") VALUES (?)[0m  [["version", "20191026174728"]]
  [1m[35m (80.3ms)[0m  [1m[36mcommit transaction[0m
  [1m[36mActiveRecord::InternalMetadata Load (0.4ms)[0m  [1m[34mSELECT "ar_internal_metadata".* FROM "ar_internal_metadata" WHERE "ar_internal_metadata"."key" = ? LIMIT ?[0m  [["key", "environment"], ["LIMIT", 1]]
  [1m[35m (0.1ms)[0m  [1m[36mbegin transaction[0m
  [1m[36mActiveRecord::InternalMetadata Create (2.1ms)[0m  [1m[32mINSERT INTO "ar_internal_metadata" ("key", "value", "created_at", "updated_at") VALUES (?, ?, ?, ?)[0m  [["key", "environment"], ["value", "development"], ["created_at", "2019-10-26 17:51:00.590233"], ["updated_at", "2019-10-26 17:51:00.590233"]]
  [1m[35m (103.8ms)[0m  [1m[36mcommit transaction[0m
  [1m[35m (0.1ms)[0m  [1m[34mSELECT sqlite_version(*)[0m
  [1m[35m (0.2ms)[0m  [1m[34mSELECT "schema_migrations"."version" FROM "schema_migrations" ORDER BY "schema_migrations"."version" ASC[0m
Started GET "/" for ::1 at 2019-10-26 15:31:32 -0300
  [1m[35m (4.9ms)[0m  [1m[34mSELECT sqlite_version(*)[0m
  [1m[35m (0.3ms)[0m  [1m[34mSELECT "schema_migrations"."version" FROM "schema_migrations" ORDER BY "schema_migrations"."version" ASC[0m
Processing by WelcomeController#index as HTML
Completed 406 Not Acceptable in 23ms (ActiveRecord: 0.0ms | Allocations: 1989)


  
ActionController::MissingExactTemplate (WelcomeController#index is missing a template for request formats: text/html):
  
actionpack (6.0.0) lib/action_controller/metal/implicit_render.rb:45:in `default_render'
actionpack (6.0.0) lib/action_controller/metal/basic_implicit_render.rb:6:in `block in send_action'
actionpack (6.0.0) lib/action_controller/metal/basic_implicit_render.rb:6:in `tap'
actionpack (6.0.0) lib/action_controller/metal/basic_implicit_render.rb:6:in `send_action'
actionpack (6.0.0) lib/abstract_controller/base.rb:196:in `process_action'
actionpack (6.0.0) lib/action_controller/metal/rendering.rb:30:in `process_action'
actionpack (6.0.0) lib/abstract_controller/callbacks.rb:42:in `block in process_action'
activesupport (6.0.0) lib/active_support/callbacks.rb:135:in `run_callbacks'
actionpack (6.0.0) lib/abstract_controller/callbacks.rb:41:in `process_action'
actionpack (6.0.0) lib/action_controller/metal/rescue.rb:22:in `process_action'
actionpack (6.0.0) lib/action_controller/metal/instrumentation.rb:33:in `block in process_action'
activesupport (6.0.0) lib/active_support/notifications.rb:180:in `block in instrument'
activesupport (6.0.0) lib/active_support/notifications/instrumenter.rb:24:in `instrument'
activesupport (6.0.0) lib/active_support/notifications.rb:180:in `instrument'
actionpack (6.0.0) lib/action_controller/metal/instrumentation.rb:32:in `process_action'
actionpack (6.0.0) lib/action_controller/metal/params_wrapper.rb:245:in `process_action'
activerecord (6.0.0) lib/active_record/railties/controller_runtime.rb:27:in `process_action'
actionpack (6.0.0) lib/abstract_controller/base.rb:136:in `process'
actionview (6.0.0) lib/action_view/rendering.rb:39:in `process'
actionpack (6.0.0) lib/action_controller/metal.rb:191:in `dispatch'
actionpack (6.0.0) lib/action_controller/metal.rb:252:in `dispatch'
actionpack (6.0.0) lib/action_dispatch/routing/route_set.rb:51:in `dispatch'
actionpack (6.0.0) lib/action_dispatch/routing/route_set.rb:33:in `serve'
actionpack (6.0.0) lib/action_dispatch/journey/router.rb:49:in `block in serve'
actionpack (6.0.0) lib/action_dispatch/journey/router.rb:32:in `each'
actionpack (6.0.0) lib/action_dispatch/journey/router.rb:32:in `serve'
actionpack (6.0.0) lib/action_dispatch/routing/route_set.rb:837:in `call'
rack (2.0.7) lib/rack/tempfile_reaper.rb:15:in `call'
rack (2.0.7) lib/rack/etag.rb:25:in `call'
rack (2.0.7) lib/rack/conditional_get.rb:25:in `call'
rack (2.0.7) lib/rack/head.rb:12:in `call'
actionpack (6.0.0) lib/action_dispatch/http/content_security_policy.rb:18:in `call'
rack (2.0.7) lib/rack/session/abstract/id.rb:232:in `context'
rack (2.0.7) lib/rack/session/abstract/id.rb:226:in `call'
actionpack (6.0.0) lib/action_dispatch/middleware/cookies.rb:648:in `call'
activerecord (6.0.0) lib/active_record/migration.rb:567:in `call'
actionpack (6.0.0) lib/action_dispatch/middleware/callbacks.rb:27:in `block in call'
activesupport (6.0.0) lib/active_support/callbacks.rb:101:in `run_callbacks'
actionpack (6.0.0) lib/action_dispatch/middleware/callbacks.rb:26:in `call'
actionpack (6.0.0) lib/action_dispatch/middleware/executor.rb:14:in `call'
actionpack (6.0.0) lib/action_dispatch/middleware/actionable_exceptions.rb:17:in `call'
actionpack (6.0.0) lib/action_dispatch/middleware/debug_exceptions.rb:32:in `call'
web-console (4.0.1) lib/web_console/middleware.rb:132:in `call_app'
web-console (4.0.1) lib/web_console/middleware.rb:28:in `block in call'
web-console (4.0.1) lib/web_console/middleware.rb:17:in `catch'
web-console (4.0.1) lib/web_console/middleware.rb:17:in `call'
actionpack (6.0.0) lib/action_dispatch/middleware/show_exceptions.rb:33:in `call'
railties (6.0.0) lib/rails/rack/logger.rb:38:in `call_app'
railties (6.0.0) lib/rails/rack/logger.rb:26:in `block in call'
activesupport (6.0.0) lib/active_support/tagged_logging.rb:80:in `block in tagged'
activesupport (6.0.0) lib/active_support/tagged_logging.rb:28:in `tagged'
activesupport (6.0.0) lib/active_support/tagged_logging.rb:80:in `tagged'
railties (6.0.0) lib/rails/rack/logger.rb:26:in `call'
sprockets-rails (3.2.1) lib/sprockets/rails/quiet_assets.rb:13:in `call'
actionpack (6.0.0) lib/action_dispatch/middleware/remote_ip.rb:81:in `call'
actionpack (6.0.0) lib/action_dispatch/middleware/request_id.rb:27:in `call'
rack (2.0.7) lib/rack/method_override.rb:22:in `call'
rack (2.0.7) lib/rack/runtime.rb:22:in `call'
activesupport (6.0.0) lib/active_support/cache/strategy/local_cache_middleware.rb:29:in `call'
actionpack (6.0.0) lib/action_dispatch/middleware/executor.rb:14:in `call'
actionpack (6.0.0) lib/action_dispatch/middleware/static.rb:126:in `call'
rack (2.0.7) lib/rack/sendfile.rb:111:in `call'
actionpack (6.0.0) lib/action_dispatch/middleware/host_authorization.rb:83:in `call'
webpacker (4.0.7) lib/webpacker/dev_server_proxy.rb:29:in `perform_request'
rack-proxy (0.6.5) lib/rack/proxy.rb:57:in `call'
railties (6.0.0) lib/rails/engine.rb:526:in `call'
puma (3.12.1) lib/puma/configuration.rb:227:in `call'
puma (3.12.1) lib/puma/server.rb:660:in `handle_request'
puma (3.12.1) lib/puma/server.rb:474:in `process_client'
puma (3.12.1) lib/puma/server.rb:334:in `block in run'
puma (3.12.1) lib/puma/thread_pool.rb:135:in `block in spawn_thread'
Started GET "/" for ::1 at 2019-10-26 16:18:49 -0300
  [1m[35m (5.0ms)[0m  [1m[34mSELECT sqlite_version(*)[0m
  [1m[35m (0.7ms)[0m  [1m[34mSELECT "schema_migrations"."version" FROM "schema_migrations" ORDER BY "schema_migrations"."version" ASC[0m
Processing by ArticlesController#index as HTML
Completed 406 Not Acceptable in 23ms (ActiveRecord: 0.0ms | Allocations: 2336)


  
ActionController::MissingExactTemplate (ArticlesController#index is missing a template for request formats: text/html):
  
actionpack (6.0.0) lib/action_controller/metal/implicit_render.rb:45:in `default_render'
actionpack (6.0.0) lib/action_controller/metal/basic_implicit_render.rb:6:in `block in send_action'
actionpack (6.0.0) lib/action_controller/metal/basic_implicit_render.rb:6:in `tap'
actionpack (6.0.0) lib/action_controller/metal/basic_implicit_render.rb:6:in `send_action'
actionpack (6.0.0) lib/abstract_controller/base.rb:196:in `process_action'
actionpack (6.0.0) lib/action_controller/metal/rendering.rb:30:in `process_action'
actionpack (6.0.0) lib/abstract_controller/callbacks.rb:42:in `block in process_action'
activesupport (6.0.0) lib/active_support/callbacks.rb:135:in `run_callbacks'
actionpack (6.0.0) lib/abstract_controller/callbacks.rb:41:in `process_action'
actionpack (6.0.0) lib/action_controller/metal/rescue.rb:22:in `process_action'
actionpack (6.0.0) lib/action_controller/metal/instrumentation.rb:33:in `block in process_action'
activesupport (6.0.0) lib/active_support/notifications.rb:180:in `block in instrument'
activesupport (6.0.0) lib/active_support/notifications/instrumenter.rb:24:in `instrument'
activesupport (6.0.0) lib/active_support/notifications.rb:180:in `instrument'
actionpack (6.0.0) lib/action_controller/metal/instrumentation.rb:32:in `process_action'
actionpack (6.0.0) lib/action_controller/metal/params_wrapper.rb:245:in `process_action'
activerecord (6.0.0) lib/active_record/railties/controller_runtime.rb:27:in `process_action'
actionpack (6.0.0) lib/abstract_controller/base.rb:136:in `process'
actionview (6.0.0) lib/action_view/rendering.rb:39:in `process'
actionpack (6.0.0) lib/action_controller/metal.rb:191:in `dispatch'
actionpack (6.0.0) lib/action_controller/metal.rb:252:in `dispatch'
actionpack (6.0.0) lib/action_dispatch/routing/route_set.rb:51:in `dispatch'
actionpack (6.0.0) lib/action_dispatch/routing/route_set.rb:33:in `serve'
actionpack (6.0.0) lib/action_dispatch/journey/router.rb:49:in `block in serve'
actionpack (6.0.0) lib/action_dispatch/journey/router.rb:32:in `each'
actionpack (6.0.0) lib/action_dispatch/journey/router.rb:32:in `serve'
actionpack (6.0.0) lib/action_dispatch/routing/route_set.rb:837:in `call'
rack (2.0.7) lib/rack/tempfile_reaper.rb:15:in `call'
rack (2.0.7) lib/rack/etag.rb:25:in `call'
rack (2.0.7) lib/rack/conditional_get.rb:25:in `call'
rack (2.0.7) lib/rack/head.rb:12:in `call'
actionpack (6.0.0) lib/action_dispatch/http/content_security_policy.rb:18:in `call'
rack (2.0.7) lib/rack/session/abstract/id.rb:232:in `context'
rack (2.0.7) lib/rack/session/abstract/id.rb:226:in `call'
actionpack (6.0.0) lib/action_dispatch/middleware/cookies.rb:648:in `call'
activerecord (6.0.0) lib/active_record/migration.rb:567:in `call'
actionpack (6.0.0) lib/action_dispatch/middleware/callbacks.rb:27:in `block in call'
activesupport (6.0.0) lib/active_support/callbacks.rb:101:in `run_callbacks'
actionpack (6.0.0) lib/action_dispatch/middleware/callbacks.rb:26:in `call'
actionpack (6.0.0) lib/action_dispatch/middleware/executor.rb:14:in `call'
actionpack (6.0.0) lib/action_dispatch/middleware/actionable_exceptions.rb:17:in `call'
actionpack (6.0.0) lib/action_dispatch/middleware/debug_exceptions.rb:32:in `call'
web-console (4.0.1) lib/web_console/middleware.rb:132:in `call_app'
web-console (4.0.1) lib/web_console/middleware.rb:28:in `block in call'
web-console (4.0.1) lib/web_console/middleware.rb:17:in `catch'
web-console (4.0.1) lib/web_console/middleware.rb:17:in `call'
actionpack (6.0.0) lib/action_dispatch/middleware/show_exceptions.rb:33:in `call'
railties (6.0.0) lib/rails/rack/logger.rb:38:in `call_app'
railties (6.0.0) lib/rails/rack/logger.rb:26:in `block in call'
activesupport (6.0.0) lib/active_support/tagged_logging.rb:80:in `block in tagged'
activesupport (6.0.0) lib/active_support/tagged_logging.rb:28:in `tagged'
activesupport (6.0.0) lib/active_support/tagged_logging.rb:80:in `tagged'
railties (6.0.0) lib/rails/rack/logger.rb:26:in `call'
sprockets-rails (3.2.1) lib/sprockets/rails/quiet_assets.rb:13:in `call'
actionpack (6.0.0) lib/action_dispatch/middleware/remote_ip.rb:81:in `call'
actionpack (6.0.0) lib/action_dispatch/middleware/request_id.rb:27:in `call'
rack (2.0.7) lib/rack/method_override.rb:22:in `call'
rack (2.0.7) lib/rack/runtime.rb:22:in `call'
activesupport (6.0.0) lib/active_support/cache/strategy/local_cache_middleware.rb:29:in `call'
actionpack (6.0.0) lib/action_dispatch/middleware/executor.rb:14:in `call'
actionpack (6.0.0) lib/action_dispatch/middleware/static.rb:126:in `call'
rack (2.0.7) lib/rack/sendfile.rb:111:in `call'
actionpack (6.0.0) lib/action_dispatch/middleware/host_authorization.rb:83:in `call'
webpacker (4.0.7) lib/webpacker/dev_server_proxy.rb:29:in `perform_request'
rack-proxy (0.6.5) lib/rack/proxy.rb:57:in `call'
railties (6.0.0) lib/rails/engine.rb:526:in `call'
puma (3.12.1) lib/puma/configuration.rb:227:in `call'
puma (3.12.1) lib/puma/server.rb:660:in `handle_request'
puma (3.12.1) lib/puma/server.rb:474:in `process_client'
puma (3.12.1) lib/puma/server.rb:334:in `block in run'
puma (3.12.1) lib/puma/thread_pool.rb:135:in `block in spawn_thread'
Started GET "/" for ::1 at 2019-10-26 16:18:53 -0300
Processing by ArticlesController#index as HTML
Completed 406 Not Acceptable in 1ms (ActiveRecord: 0.0ms | Allocations: 582)


  
ActionController::MissingExactTemplate (ArticlesController#index is missing a template for request formats: text/html):
  
actionpack (6.0.0) lib/action_controller/metal/implicit_render.rb:45:in `default_render'
actionpack (6.0.0) lib/action_controller/metal/basic_implicit_render.rb:6:in `block in send_action'
actionpack (6.0.0) lib/action_controller/metal/basic_implicit_render.rb:6:in `tap'
actionpack (6.0.0) lib/action_controller/metal/basic_implicit_render.rb:6:in `send_action'
actionpack (6.0.0) lib/abstract_controller/base.rb:196:in `process_action'
actionpack (6.0.0) lib/action_controller/metal/rendering.rb:30:in `process_action'
actionpack (6.0.0) lib/abstract_controller/callbacks.rb:42:in `block in process_action'
activesupport (6.0.0) lib/active_support/callbacks.rb:135:in `run_callbacks'
actionpack (6.0.0) lib/abstract_controller/callbacks.rb:41:in `process_action'
actionpack (6.0.0) lib/action_controller/metal/rescue.rb:22:in `process_action'
actionpack (6.0.0) lib/action_controller/metal/instrumentation.rb:33:in `block in process_action'
activesupport (6.0.0) lib/active_support/notifications.rb:180:in `block in instrument'
activesupport (6.0.0) lib/active_support/notifications/instrumenter.rb:24:in `instrument'
activesupport (6.0.0) lib/active_support/notifications.rb:180:in `instrument'
actionpack (6.0.0) lib/action_controller/metal/instrumentation.rb:32:in `process_action'
actionpack (6.0.0) lib/action_controller/metal/params_wrapper.rb:245:in `process_action'
activerecord (6.0.0) lib/active_record/railties/controller_runtime.rb:27:in `process_action'
actionpack (6.0.0) lib/abstract_controller/base.rb:136:in `process'
actionview (6.0.0) lib/action_view/rendering.rb:39:in `process'
actionpack (6.0.0) lib/action_controller/metal.rb:191:in `dispatch'
actionpack (6.0.0) lib/action_controller/metal.rb:252:in `dispatch'
actionpack (6.0.0) lib/action_dispatch/routing/route_set.rb:51:in `dispatch'
actionpack (6.0.0) lib/action_dispatch/routing/route_set.rb:33:in `serve'
actionpack (6.0.0) lib/action_dispatch/journey/router.rb:49:in `block in serve'
actionpack (6.0.0) lib/action_dispatch/journey/router.rb:32:in `each'
actionpack (6.0.0) lib/action_dispatch/journey/router.rb:32:in `serve'
actionpack (6.0.0) lib/action_dispatch/routing/route_set.rb:837:in `call'
rack (2.0.7) lib/rack/tempfile_reaper.rb:15:in `call'
rack (2.0.7) lib/rack/etag.rb:25:in `call'
rack (2.0.7) lib/rack/conditional_get.rb:25:in `call'
rack (2.0.7) lib/rack/head.rb:12:in `call'
actionpack (6.0.0) lib/action_dispatch/http/content_security_policy.rb:18:in `call'
rack (2.0.7) lib/rack/session/abstract/id.rb:232:in `context'
rack (2.0.7) lib/rack/session/abstract/id.rb:226:in `call'
actionpack (6.0.0) lib/action_dispatch/middleware/cookies.rb:648:in `call'
activerecord (6.0.0) lib/active_record/migration.rb:567:in `call'
actionpack (6.0.0) lib/action_dispatch/middleware/callbacks.rb:27:in `block in call'
activesupport (6.0.0) lib/active_support/callbacks.rb:101:in `run_callbacks'
actionpack (6.0.0) lib/action_dispatch/middleware/callbacks.rb:26:in `call'
actionpack (6.0.0) lib/action_dispatch/middleware/executor.rb:14:in `call'
actionpack (6.0.0) lib/action_dispatch/middleware/actionable_exceptions.rb:17:in `call'
actionpack (6.0.0) lib/action_dispatch/middleware/debug_exceptions.rb:32:in `call'
web-console (4.0.1) lib/web_console/middleware.rb:132:in `call_app'
web-console (4.0.1) lib/web_console/middleware.rb:28:in `block in call'
web-console (4.0.1) lib/web_console/middleware.rb:17:in `catch'
web-console (4.0.1) lib/web_console/middleware.rb:17:in `call'
actionpack (6.0.0) lib/action_dispatch/middleware/show_exceptions.rb:33:in `call'
railties (6.0.0) lib/rails/rack/logger.rb:38:in `call_app'
railties (6.0.0) lib/rails/rack/logger.rb:26:in `block in call'
activesupport (6.0.0) lib/active_support/tagged_logging.rb:80:in `block in tagged'
activesupport (6.0.0) lib/active_support/tagged_logging.rb:28:in `tagged'
activesupport (6.0.0) lib/active_support/tagged_logging.rb:80:in `tagged'
railties (6.0.0) lib/rails/rack/logger.rb:26:in `call'
sprockets-rails (3.2.1) lib/sprockets/rails/quiet_assets.rb:13:in `call'
actionpack (6.0.0) lib/action_dispatch/middleware/remote_ip.rb:81:in `call'
actionpack (6.0.0) lib/action_dispatch/middleware/request_id.rb:27:in `call'
rack (2.0.7) lib/rack/method_override.rb:22:in `call'
rack (2.0.7) lib/rack/runtime.rb:22:in `call'
activesupport (6.0.0) lib/active_support/cache/strategy/local_cache_middleware.rb:29:in `call'
actionpack (6.0.0) lib/action_dispatch/middleware/executor.rb:14:in `call'
actionpack (6.0.0) lib/action_dispatch/middleware/static.rb:126:in `call'
rack (2.0.7) lib/rack/sendfile.rb:111:in `call'
actionpack (6.0.0) lib/action_dispatch/middleware/host_authorization.rb:83:in `call'
webpacker (4.0.7) lib/webpacker/dev_server_proxy.rb:29:in `perform_request'
rack-proxy (0.6.5) lib/rack/proxy.rb:57:in `call'
railties (6.0.0) lib/rails/engine.rb:526:in `call'
puma (3.12.1) lib/puma/configuration.rb:227:in `call'
puma (3.12.1) lib/puma/server.rb:660:in `handle_request'
puma (3.12.1) lib/puma/server.rb:474:in `process_client'
puma (3.12.1) lib/puma/server.rb:334:in `block in run'
puma (3.12.1) lib/puma/thread_pool.rb:135:in `block in spawn_thread'
Started GET "/" for ::1 at 2019-10-26 16:19:03 -0300
Processing by ArticlesController#index as HTML
Completed 406 Not Acceptable in 1ms (ActiveRecord: 0.0ms | Allocations: 563)


  
ActionController::MissingExactTemplate (ArticlesController#index is missing a template for request formats: text/html):
  
actionpack (6.0.0) lib/action_controller/metal/implicit_render.rb:45:in `default_render'
actionpack (6.0.0) lib/action_controller/metal/basic_implicit_render.rb:6:in `block in send_action'
actionpack (6.0.0) lib/action_controller/metal/basic_implicit_render.rb:6:in `tap'
actionpack (6.0.0) lib/action_controller/metal/basic_implicit_render.rb:6:in `send_action'
actionpack (6.0.0) lib/abstract_controller/base.rb:196:in `process_action'
actionpack (6.0.0) lib/action_controller/metal/rendering.rb:30:in `process_action'
actionpack (6.0.0) lib/abstract_controller/callbacks.rb:42:in `block in process_action'
activesupport (6.0.0) lib/active_support/callbacks.rb:135:in `run_callbacks'
actionpack (6.0.0) lib/abstract_controller/callbacks.rb:41:in `process_action'
actionpack (6.0.0) lib/action_controller/metal/rescue.rb:22:in `process_action'
actionpack (6.0.0) lib/action_controller/metal/instrumentation.rb:33:in `block in process_action'
activesupport (6.0.0) lib/active_support/notifications.rb:180:in `block in instrument'
activesupport (6.0.0) lib/active_support/notifications/instrumenter.rb:24:in `instrument'
activesupport (6.0.0) lib/active_support/notifications.rb:180:in `instrument'
actionpack (6.0.0) lib/action_controller/metal/instrumentation.rb:32:in `process_action'
actionpack (6.0.0) lib/action_controller/metal/params_wrapper.rb:245:in `process_action'
activerecord (6.0.0) lib/active_record/railties/controller_runtime.rb:27:in `process_action'
actionpack (6.0.0) lib/abstract_controller/base.rb:136:in `process'
actionview (6.0.0) lib/action_view/rendering.rb:39:in `process'
actionpack (6.0.0) lib/action_controller/metal.rb:191:in `dispatch'
actionpack (6.0.0) lib/action_controller/metal.rb:252:in `dispatch'
actionpack (6.0.0) lib/action_dispatch/routing/route_set.rb:51:in `dispatch'
actionpack (6.0.0) lib/action_dispatch/routing/route_set.rb:33:in `serve'
actionpack (6.0.0) lib/action_dispatch/journey/router.rb:49:in `block in serve'
actionpack (6.0.0) lib/action_dispatch/journey/router.rb:32:in `each'
actionpack (6.0.0) lib/action_dispatch/journey/router.rb:32:in `serve'
actionpack (6.0.0) lib/action_dispatch/routing/route_set.rb:837:in `call'
rack (2.0.7) lib/rack/tempfile_reaper.rb:15:in `call'
rack (2.0.7) lib/rack/etag.rb:25:in `call'
rack (2.0.7) lib/rack/conditional_get.rb:25:in `call'
rack (2.0.7) lib/rack/head.rb:12:in `call'
actionpack (6.0.0) lib/action_dispatch/http/content_security_policy.rb:18:in `call'
rack (2.0.7) lib/rack/session/abstract/id.rb:232:in `context'
rack (2.0.7) lib/rack/session/abstract/id.rb:226:in `call'
actionpack (6.0.0) lib/action_dispatch/middleware/cookies.rb:648:in `call'
activerecord (6.0.0) lib/active_record/migration.rb:567:in `call'
actionpack (6.0.0) lib/action_dispatch/middleware/callbacks.rb:27:in `block in call'
activesupport (6.0.0) lib/active_support/callbacks.rb:101:in `run_callbacks'
actionpack (6.0.0) lib/action_dispatch/middleware/callbacks.rb:26:in `call'
actionpack (6.0.0) lib/action_dispatch/middleware/executor.rb:14:in `call'
actionpack (6.0.0) lib/action_dispatch/middleware/actionable_exceptions.rb:17:in `call'
actionpack (6.0.0) lib/action_dispatch/middleware/debug_exceptions.rb:32:in `call'
web-console (4.0.1) lib/web_console/middleware.rb:132:in `call_app'
web-console (4.0.1) lib/web_console/middleware.rb:28:in `block in call'
web-console (4.0.1) lib/web_console/middleware.rb:17:in `catch'
web-console (4.0.1) lib/web_console/middleware.rb:17:in `call'
actionpack (6.0.0) lib/action_dispatch/middleware/show_exceptions.rb:33:in `call'
railties (6.0.0) lib/rails/rack/logger.rb:38:in `call_app'
railties (6.0.0) lib/rails/rack/logger.rb:26:in `block in call'
activesupport (6.0.0) lib/active_support/tagged_logging.rb:80:in `block in tagged'
activesupport (6.0.0) lib/active_support/tagged_logging.rb:28:in `tagged'
activesupport (6.0.0) lib/active_support/tagged_logging.rb:80:in `tagged'
railties (6.0.0) lib/rails/rack/logger.rb:26:in `call'
sprockets-rails (3.2.1) lib/sprockets/rails/quiet_assets.rb:13:in `call'
actionpack (6.0.0) lib/action_dispatch/middleware/remote_ip.rb:81:in `call'
actionpack (6.0.0) lib/action_dispatch/middleware/request_id.rb:27:in `call'
rack (2.0.7) lib/rack/method_override.rb:22:in `call'
rack (2.0.7) lib/rack/runtime.rb:22:in `call'
activesupport (6.0.0) lib/active_support/cache/strategy/local_cache_middleware.rb:29:in `call'
actionpack (6.0.0) lib/action_dispatch/middleware/executor.rb:14:in `call'
actionpack (6.0.0) lib/action_dispatch/middleware/static.rb:126:in `call'
rack (2.0.7) lib/rack/sendfile.rb:111:in `call'
actionpack (6.0.0) lib/action_dispatch/middleware/host_authorization.rb:83:in `call'
webpacker (4.0.7) lib/webpacker/dev_server_proxy.rb:29:in `perform_request'
rack-proxy (0.6.5) lib/rack/proxy.rb:57:in `call'
railties (6.0.0) lib/rails/engine.rb:526:in `call'
puma (3.12.1) lib/puma/configuration.rb:227:in `call'
puma (3.12.1) lib/puma/server.rb:660:in `handle_request'
puma (3.12.1) lib/puma/server.rb:474:in `process_client'
puma (3.12.1) lib/puma/server.rb:334:in `block in run'
puma (3.12.1) lib/puma/thread_pool.rb:135:in `block in spawn_thread'
Started GET "/" for ::1 at 2019-10-26 16:21:58 -0300
  [1m[35m (4.9ms)[0m  [1m[34mSELECT sqlite_version(*)[0m
  [1m[35m (0.3ms)[0m  [1m[34mSELECT "schema_migrations"."version" FROM "schema_migrations" ORDER BY "schema_migrations"."version" ASC[0m
Processing by ArticlesController#index as HTML
Completed 406 Not Acceptable in 24ms (ActiveRecord: 0.0ms | Allocations: 2337)


  
ActionController::MissingExactTemplate (ArticlesController#index is missing a template for request formats: text/html):
  
actionpack (6.0.0) lib/action_controller/metal/implicit_render.rb:45:in `default_render'
actionpack (6.0.0) lib/action_controller/metal/basic_implicit_render.rb:6:in `block in send_action'
actionpack (6.0.0) lib/action_controller/metal/basic_implicit_render.rb:6:in `tap'
actionpack (6.0.0) lib/action_controller/metal/basic_implicit_render.rb:6:in `send_action'
actionpack (6.0.0) lib/abstract_controller/base.rb:196:in `process_action'
actionpack (6.0.0) lib/action_controller/metal/rendering.rb:30:in `process_action'
actionpack (6.0.0) lib/abstract_controller/callbacks.rb:42:in `block in process_action'
activesupport (6.0.0) lib/active_support/callbacks.rb:135:in `run_callbacks'
actionpack (6.0.0) lib/abstract_controller/callbacks.rb:41:in `process_action'
actionpack (6.0.0) lib/action_controller/metal/rescue.rb:22:in `process_action'
actionpack (6.0.0) lib/action_controller/metal/instrumentation.rb:33:in `block in process_action'
activesupport (6.0.0) lib/active_support/notifications.rb:180:in `block in instrument'
activesupport (6.0.0) lib/active_support/notifications/instrumenter.rb:24:in `instrument'
activesupport (6.0.0) lib/active_support/notifications.rb:180:in `instrument'
actionpack (6.0.0) lib/action_controller/metal/instrumentation.rb:32:in `process_action'
actionpack (6.0.0) lib/action_controller/metal/params_wrapper.rb:245:in `process_action'
activerecord (6.0.0) lib/active_record/railties/controller_runtime.rb:27:in `process_action'
actionpack (6.0.0) lib/abstract_controller/base.rb:136:in `process'
actionview (6.0.0) lib/action_view/rendering.rb:39:in `process'
actionpack (6.0.0) lib/action_controller/metal.rb:191:in `dispatch'
actionpack (6.0.0) lib/action_controller/metal.rb:252:in `dispatch'
actionpack (6.0.0) lib/action_dispatch/routing/route_set.rb:51:in `dispatch'
actionpack (6.0.0) lib/action_dispatch/routing/route_set.rb:33:in `serve'
actionpack (6.0.0) lib/action_dispatch/journey/router.rb:49:in `block in serve'
actionpack (6.0.0) lib/action_dispatch/journey/router.rb:32:in `each'
actionpack (6.0.0) lib/action_dispatch/journey/router.rb:32:in `serve'
actionpack (6.0.0) lib/action_dispatch/routing/route_set.rb:837:in `call'
rack (2.0.7) lib/rack/tempfile_reaper.rb:15:in `call'
rack (2.0.7) lib/rack/etag.rb:25:in `call'
rack (2.0.7) lib/rack/conditional_get.rb:25:in `call'
rack (2.0.7) lib/rack/head.rb:12:in `call'
actionpack (6.0.0) lib/action_dispatch/http/content_security_policy.rb:18:in `call'
rack (2.0.7) lib/rack/session/abstract/id.rb:232:in `context'
rack (2.0.7) lib/rack/session/abstract/id.rb:226:in `call'
actionpack (6.0.0) lib/action_dispatch/middleware/cookies.rb:648:in `call'
activerecord (6.0.0) lib/active_record/migration.rb:567:in `call'
actionpack (6.0.0) lib/action_dispatch/middleware/callbacks.rb:27:in `block in call'
activesupport (6.0.0) lib/active_support/callbacks.rb:101:in `run_callbacks'
actionpack (6.0.0) lib/action_dispatch/middleware/callbacks.rb:26:in `call'
actionpack (6.0.0) lib/action_dispatch/middleware/executor.rb:14:in `call'
actionpack (6.0.0) lib/action_dispatch/middleware/actionable_exceptions.rb:17:in `call'
actionpack (6.0.0) lib/action_dispatch/middleware/debug_exceptions.rb:32:in `call'
web-console (4.0.1) lib/web_console/middleware.rb:132:in `call_app'
web-console (4.0.1) lib/web_console/middleware.rb:28:in `block in call'
web-console (4.0.1) lib/web_console/middleware.rb:17:in `catch'
web-console (4.0.1) lib/web_console/middleware.rb:17:in `call'
actionpack (6.0.0) lib/action_dispatch/middleware/show_exceptions.rb:33:in `call'
railties (6.0.0) lib/rails/rack/logger.rb:38:in `call_app'
railties (6.0.0) lib/rails/rack/logger.rb:26:in `block in call'
activesupport (6.0.0) lib/active_support/tagged_logging.rb:80:in `block in tagged'
activesupport (6.0.0) lib/active_support/tagged_logging.rb:28:in `tagged'
activesupport (6.0.0) lib/active_support/tagged_logging.rb:80:in `tagged'
railties (6.0.0) lib/rails/rack/logger.rb:26:in `call'
sprockets-rails (3.2.1) lib/sprockets/rails/quiet_assets.rb:13:in `call'
actionpack (6.0.0) lib/action_dispatch/middleware/remote_ip.rb:81:in `call'
actionpack (6.0.0) lib/action_dispatch/middleware/request_id.rb:27:in `call'
rack (2.0.7) lib/rack/method_override.rb:22:in `call'
rack (2.0.7) lib/rack/runtime.rb:22:in `call'
activesupport (6.0.0) lib/active_support/cache/strategy/local_cache_middleware.rb:29:in `call'
actionpack (6.0.0) lib/action_dispatch/middleware/executor.rb:14:in `call'
actionpack (6.0.0) lib/action_dispatch/middleware/static.rb:126:in `call'
rack (2.0.7) lib/rack/sendfile.rb:111:in `call'
actionpack (6.0.0) lib/action_dispatch/middleware/host_authorization.rb:83:in `call'
webpacker (4.0.7) lib/webpacker/dev_server_proxy.rb:29:in `perform_request'
rack-proxy (0.6.5) lib/rack/proxy.rb:57:in `call'
railties (6.0.0) lib/rails/engine.rb:526:in `call'
puma (3.12.1) lib/puma/configuration.rb:227:in `call'
puma (3.12.1) lib/puma/server.rb:660:in `handle_request'
puma (3.12.1) lib/puma/server.rb:474:in `process_client'
puma (3.12.1) lib/puma/server.rb:334:in `block in run'
puma (3.12.1) lib/puma/thread_pool.rb:135:in `block in spawn_thread'
Started GET "/" for ::1 at 2019-10-26 16:24:55 -0300
  [1m[35m (5.5ms)[0m  [1m[34mSELECT sqlite_version(*)[0m
  [1m[35m (0.4ms)[0m  [1m[34mSELECT "schema_migrations"."version" FROM "schema_migrations" ORDER BY "schema_migrations"."version" ASC[0m
Processing by ArticlesController#index as HTML
Completed 406 Not Acceptable in 24ms (ActiveRecord: 0.0ms | Allocations: 2337)


  
ActionController::MissingExactTemplate (ArticlesController#index is missing a template for request formats: text/html):
  
actionpack (6.0.0) lib/action_controller/metal/implicit_render.rb:45:in `default_render'
actionpack (6.0.0) lib/action_controller/metal/basic_implicit_render.rb:6:in `block in send_action'
actionpack (6.0.0) lib/action_controller/metal/basic_implicit_render.rb:6:in `tap'
actionpack (6.0.0) lib/action_controller/metal/basic_implicit_render.rb:6:in `send_action'
actionpack (6.0.0) lib/abstract_controller/base.rb:196:in `process_action'
actionpack (6.0.0) lib/action_controller/metal/rendering.rb:30:in `process_action'
actionpack (6.0.0) lib/abstract_controller/callbacks.rb:42:in `block in process_action'
activesupport (6.0.0) lib/active_support/callbacks.rb:135:in `run_callbacks'
actionpack (6.0.0) lib/abstract_controller/callbacks.rb:41:in `process_action'
actionpack (6.0.0) lib/action_controller/metal/rescue.rb:22:in `process_action'
actionpack (6.0.0) lib/action_controller/metal/instrumentation.rb:33:in `block in process_action'
activesupport (6.0.0) lib/active_support/notifications.rb:180:in `block in instrument'
activesupport (6.0.0) lib/active_support/notifications/instrumenter.rb:24:in `instrument'
activesupport (6.0.0) lib/active_support/notifications.rb:180:in `instrument'
actionpack (6.0.0) lib/action_controller/metal/instrumentation.rb:32:in `process_action'
actionpack (6.0.0) lib/action_controller/metal/params_wrapper.rb:245:in `process_action'
activerecord (6.0.0) lib/active_record/railties/controller_runtime.rb:27:in `process_action'
actionpack (6.0.0) lib/abstract_controller/base.rb:136:in `process'
actionview (6.0.0) lib/action_view/rendering.rb:39:in `process'
actionpack (6.0.0) lib/action_controller/metal.rb:191:in `dispatch'
actionpack (6.0.0) lib/action_controller/metal.rb:252:in `dispatch'
actionpack (6.0.0) lib/action_dispatch/routing/route_set.rb:51:in `dispatch'
actionpack (6.0.0) lib/action_dispatch/routing/route_set.rb:33:in `serve'
actionpack (6.0.0) lib/action_dispatch/journey/router.rb:49:in `block in serve'
actionpack (6.0.0) lib/action_dispatch/journey/router.rb:32:in `each'
actionpack (6.0.0) lib/action_dispatch/journey/router.rb:32:in `serve'
actionpack (6.0.0) lib/action_dispatch/routing/route_set.rb:837:in `call'
rack (2.0.7) lib/rack/tempfile_reaper.rb:15:in `call'
rack (2.0.7) lib/rack/etag.rb:25:in `call'
rack (2.0.7) lib/rack/conditional_get.rb:25:in `call'
rack (2.0.7) lib/rack/head.rb:12:in `call'
actionpack (6.0.0) lib/action_dispatch/http/content_security_policy.rb:18:in `call'
rack (2.0.7) lib/rack/session/abstract/id.rb:232:in `context'
rack (2.0.7) lib/rack/session/abstract/id.rb:226:in `call'
actionpack (6.0.0) lib/action_dispatch/middleware/cookies.rb:648:in `call'
activerecord (6.0.0) lib/active_record/migration.rb:567:in `call'
actionpack (6.0.0) lib/action_dispatch/middleware/callbacks.rb:27:in `block in call'
activesupport (6.0.0) lib/active_support/callbacks.rb:101:in `run_callbacks'
actionpack (6.0.0) lib/action_dispatch/middleware/callbacks.rb:26:in `call'
actionpack (6.0.0) lib/action_dispatch/middleware/executor.rb:14:in `call'
actionpack (6.0.0) lib/action_dispatch/middleware/actionable_exceptions.rb:17:in `call'
actionpack (6.0.0) lib/action_dispatch/middleware/debug_exceptions.rb:32:in `call'
web-console (4.0.1) lib/web_console/middleware.rb:132:in `call_app'
web-console (4.0.1) lib/web_console/middleware.rb:28:in `block in call'
web-console (4.0.1) lib/web_console/middleware.rb:17:in `catch'
web-console (4.0.1) lib/web_console/middleware.rb:17:in `call'
actionpack (6.0.0) lib/action_dispatch/middleware/show_exceptions.rb:33:in `call'
railties (6.0.0) lib/rails/rack/logger.rb:38:in `call_app'
railties (6.0.0) lib/rails/rack/logger.rb:26:in `block in call'
activesupport (6.0.0) lib/active_support/tagged_logging.rb:80:in `block in tagged'
activesupport (6.0.0) lib/active_support/tagged_logging.rb:28:in `tagged'
activesupport (6.0.0) lib/active_support/tagged_logging.rb:80:in `tagged'
railties (6.0.0) lib/rails/rack/logger.rb:26:in `call'
sprockets-rails (3.2.1) lib/sprockets/rails/quiet_assets.rb:13:in `call'
actionpack (6.0.0) lib/action_dispatch/middleware/remote_ip.rb:81:in `call'
actionpack (6.0.0) lib/action_dispatch/middleware/request_id.rb:27:in `call'
rack (2.0.7) lib/rack/method_override.rb:22:in `call'
rack (2.0.7) lib/rack/runtime.rb:22:in `call'
activesupport (6.0.0) lib/active_support/cache/strategy/local_cache_middleware.rb:29:in `call'
actionpack (6.0.0) lib/action_dispatch/middleware/executor.rb:14:in `call'
actionpack (6.0.0) lib/action_dispatch/middleware/static.rb:126:in `call'
rack (2.0.7) lib/rack/sendfile.rb:111:in `call'
actionpack (6.0.0) lib/action_dispatch/middleware/host_authorization.rb:83:in `call'
webpacker (4.0.7) lib/webpacker/dev_server_proxy.rb:29:in `perform_request'
rack-proxy (0.6.5) lib/rack/proxy.rb:57:in `call'
railties (6.0.0) lib/rails/engine.rb:526:in `call'
puma (3.12.1) lib/puma/configuration.rb:227:in `call'
puma (3.12.1) lib/puma/server.rb:660:in `handle_request'
puma (3.12.1) lib/puma/server.rb:474:in `process_client'
puma (3.12.1) lib/puma/server.rb:334:in `block in run'
puma (3.12.1) lib/puma/thread_pool.rb:135:in `block in spawn_thread'
Started GET "/" for ::1 at 2019-10-26 16:28:31 -0300
  [1m[35m (5.7ms)[0m  [1m[34mSELECT sqlite_version(*)[0m
  [1m[35m (0.3ms)[0m  [1m[34mSELECT "schema_migrations"."version" FROM "schema_migrations" ORDER BY "schema_migrations"."version" ASC[0m
Processing by ArticlesController#index as HTML
Completed 406 Not Acceptable in 23ms (ActiveRecord: 0.0ms | Allocations: 2337)


  
ActionController::MissingExactTemplate (ArticlesController#index is missing a template for request formats: text/html):
  
actionpack (6.0.0) lib/action_controller/metal/implicit_render.rb:45:in `default_render'
actionpack (6.0.0) lib/action_controller/metal/basic_implicit_render.rb:6:in `block in send_action'
actionpack (6.0.0) lib/action_controller/metal/basic_implicit_render.rb:6:in `tap'
actionpack (6.0.0) lib/action_controller/metal/basic_implicit_render.rb:6:in `send_action'
actionpack (6.0.0) lib/abstract_controller/base.rb:196:in `process_action'
actionpack (6.0.0) lib/action_controller/metal/rendering.rb:30:in `process_action'
actionpack (6.0.0) lib/abstract_controller/callbacks.rb:42:in `block in process_action'
activesupport (6.0.0) lib/active_support/callbacks.rb:135:in `run_callbacks'
actionpack (6.0.0) lib/abstract_controller/callbacks.rb:41:in `process_action'
actionpack (6.0.0) lib/action_controller/metal/rescue.rb:22:in `process_action'
actionpack (6.0.0) lib/action_controller/metal/instrumentation.rb:33:in `block in process_action'
activesupport (6.0.0) lib/active_support/notifications.rb:180:in `block in instrument'
activesupport (6.0.0) lib/active_support/notifications/instrumenter.rb:24:in `instrument'
activesupport (6.0.0) lib/active_support/notifications.rb:180:in `instrument'
actionpack (6.0.0) lib/action_controller/metal/instrumentation.rb:32:in `process_action'
actionpack (6.0.0) lib/action_controller/metal/params_wrapper.rb:245:in `process_action'
activerecord (6.0.0) lib/active_record/railties/controller_runtime.rb:27:in `process_action'
actionpack (6.0.0) lib/abstract_controller/base.rb:136:in `process'
actionview (6.0.0) lib/action_view/rendering.rb:39:in `process'
actionpack (6.0.0) lib/action_controller/metal.rb:191:in `dispatch'
actionpack (6.0.0) lib/action_controller/metal.rb:252:in `dispatch'
actionpack (6.0.0) lib/action_dispatch/routing/route_set.rb:51:in `dispatch'
actionpack (6.0.0) lib/action_dispatch/routing/route_set.rb:33:in `serve'
actionpack (6.0.0) lib/action_dispatch/journey/router.rb:49:in `block in serve'
actionpack (6.0.0) lib/action_dispatch/journey/router.rb:32:in `each'
actionpack (6.0.0) lib/action_dispatch/journey/router.rb:32:in `serve'
actionpack (6.0.0) lib/action_dispatch/routing/route_set.rb:837:in `call'
rack (2.0.7) lib/rack/tempfile_reaper.rb:15:in `call'
rack (2.0.7) lib/rack/etag.rb:25:in `call'
rack (2.0.7) lib/rack/conditional_get.rb:25:in `call'
rack (2.0.7) lib/rack/head.rb:12:in `call'
actionpack (6.0.0) lib/action_dispatch/http/content_security_policy.rb:18:in `call'
rack (2.0.7) lib/rack/session/abstract/id.rb:232:in `context'
rack (2.0.7) lib/rack/session/abstract/id.rb:226:in `call'
actionpack (6.0.0) lib/action_dispatch/middleware/cookies.rb:648:in `call'
activerecord (6.0.0) lib/active_record/migration.rb:567:in `call'
actionpack (6.0.0) lib/action_dispatch/middleware/callbacks.rb:27:in `block in call'
activesupport (6.0.0) lib/active_support/callbacks.rb:101:in `run_callbacks'
actionpack (6.0.0) lib/action_dispatch/middleware/callbacks.rb:26:in `call'
actionpack (6.0.0) lib/action_dispatch/middleware/executor.rb:14:in `call'
actionpack (6.0.0) lib/action_dispatch/middleware/actionable_exceptions.rb:17:in `call'
actionpack (6.0.0) lib/action_dispatch/middleware/debug_exceptions.rb:32:in `call'
web-console (4.0.1) lib/web_console/middleware.rb:132:in `call_app'
web-console (4.0.1) lib/web_console/middleware.rb:28:in `block in call'
web-console (4.0.1) lib/web_console/middleware.rb:17:in `catch'
web-console (4.0.1) lib/web_console/middleware.rb:17:in `call'
actionpack (6.0.0) lib/action_dispatch/middleware/show_exceptions.rb:33:in `call'
railties (6.0.0) lib/rails/rack/logger.rb:38:in `call_app'
railties (6.0.0) lib/rails/rack/logger.rb:26:in `block in call'
activesupport (6.0.0) lib/active_support/tagged_logging.rb:80:in `block in tagged'
activesupport (6.0.0) lib/active_support/tagged_logging.rb:28:in `tagged'
activesupport (6.0.0) lib/active_support/tagged_logging.rb:80:in `tagged'
railties (6.0.0) lib/rails/rack/logger.rb:26:in `call'
sprockets-rails (3.2.1) lib/sprockets/rails/quiet_assets.rb:13:in `call'
actionpack (6.0.0) lib/action_dispatch/middleware/remote_ip.rb:81:in `call'
actionpack (6.0.0) lib/action_dispatch/middleware/request_id.rb:27:in `call'
rack (2.0.7) lib/rack/method_override.rb:22:in `call'
rack (2.0.7) lib/rack/runtime.rb:22:in `call'
activesupport (6.0.0) lib/active_support/cache/strategy/local_cache_middleware.rb:29:in `call'
actionpack (6.0.0) lib/action_dispatch/middleware/executor.rb:14:in `call'
actionpack (6.0.0) lib/action_dispatch/middleware/static.rb:126:in `call'
rack (2.0.7) lib/rack/sendfile.rb:111:in `call'
actionpack (6.0.0) lib/action_dispatch/middleware/host_authorization.rb:83:in `call'
webpacker (4.0.7) lib/webpacker/dev_server_proxy.rb:29:in `perform_request'
rack-proxy (0.6.5) lib/rack/proxy.rb:57:in `call'
railties (6.0.0) lib/rails/engine.rb:526:in `call'
puma (3.12.1) lib/puma/configuration.rb:227:in `call'
puma (3.12.1) lib/puma/server.rb:660:in `handle_request'
puma (3.12.1) lib/puma/server.rb:474:in `process_client'
puma (3.12.1) lib/puma/server.rb:334:in `block in run'
puma (3.12.1) lib/puma/thread_pool.rb:135:in `block in spawn_thread'
Started GET "/index" for ::1 at 2019-10-26 16:28:38 -0300
  
ActionController::RoutingError (No route matches [GET] "/index"):
  
actionpack (6.0.0) lib/action_dispatch/middleware/debug_exceptions.rb:36:in `call'
web-console (4.0.1) lib/web_console/middleware.rb:132:in `call_app'
web-console (4.0.1) lib/web_console/middleware.rb:28:in `block in call'
web-console (4.0.1) lib/web_console/middleware.rb:17:in `catch'
web-console (4.0.1) lib/web_console/middleware.rb:17:in `call'
actionpack (6.0.0) lib/action_dispatch/middleware/show_exceptions.rb:33:in `call'
railties (6.0.0) lib/rails/rack/logger.rb:38:in `call_app'
railties (6.0.0) lib/rails/rack/logger.rb:26:in `block in call'
activesupport (6.0.0) lib/active_support/tagged_logging.rb:80:in `block in tagged'
activesupport (6.0.0) lib/active_support/tagged_logging.rb:28:in `tagged'
activesupport (6.0.0) lib/active_support/tagged_logging.rb:80:in `tagged'
railties (6.0.0) lib/rails/rack/logger.rb:26:in `call'
sprockets-rails (3.2.1) lib/sprockets/rails/quiet_assets.rb:13:in `call'
actionpack (6.0.0) lib/action_dispatch/middleware/remote_ip.rb:81:in `call'
actionpack (6.0.0) lib/action_dispatch/middleware/request_id.rb:27:in `call'
rack (2.0.7) lib/rack/method_override.rb:22:in `call'
rack (2.0.7) lib/rack/runtime.rb:22:in `call'
activesupport (6.0.0) lib/active_support/cache/strategy/local_cache_middleware.rb:29:in `call'
actionpack (6.0.0) lib/action_dispatch/middleware/executor.rb:14:in `call'
actionpack (6.0.0) lib/action_dispatch/middleware/static.rb:126:in `call'
rack (2.0.7) lib/rack/sendfile.rb:111:in `call'
actionpack (6.0.0) lib/action_dispatch/middleware/host_authorization.rb:83:in `call'
webpacker (4.0.7) lib/webpacker/dev_server_proxy.rb:29:in `perform_request'
rack-proxy (0.6.5) lib/rack/proxy.rb:57:in `call'
railties (6.0.0) lib/rails/engine.rb:526:in `call'
puma (3.12.1) lib/puma/configuration.rb:227:in `call'
puma (3.12.1) lib/puma/server.rb:660:in `handle_request'
puma (3.12.1) lib/puma/server.rb:474:in `process_client'
puma (3.12.1) lib/puma/server.rb:334:in `block in run'
puma (3.12.1) lib/puma/thread_pool.rb:135:in `block in spawn_thread'
Started GET "/index" for ::1 at 2019-10-26 16:31:36 -0300
  [1m[35m (5.7ms)[0m  [1m[34mSELECT sqlite_version(*)[0m
  [1m[35m (0.5ms)[0m  [1m[34mSELECT "schema_migrations"."version" FROM "schema_migrations" ORDER BY "schema_migrations"."version" ASC[0m
  
ActionController::RoutingError (No route matches [GET] "/index"):
  
actionpack (6.0.0) lib/action_dispatch/middleware/debug_exceptions.rb:36:in `call'
web-console (4.0.1) lib/web_console/middleware.rb:132:in `call_app'
web-console (4.0.1) lib/web_console/middleware.rb:28:in `block in call'
web-console (4.0.1) lib/web_console/middleware.rb:17:in `catch'
web-console (4.0.1) lib/web_console/middleware.rb:17:in `call'
actionpack (6.0.0) lib/action_dispatch/middleware/show_exceptions.rb:33:in `call'
railties (6.0.0) lib/rails/rack/logger.rb:38:in `call_app'
railties (6.0.0) lib/rails/rack/logger.rb:26:in `block in call'
activesupport (6.0.0) lib/active_support/tagged_logging.rb:80:in `block in tagged'
activesupport (6.0.0) lib/active_support/tagged_logging.rb:28:in `tagged'
activesupport (6.0.0) lib/active_support/tagged_logging.rb:80:in `tagged'
railties (6.0.0) lib/rails/rack/logger.rb:26:in `call'
sprockets-rails (3.2.1) lib/sprockets/rails/quiet_assets.rb:13:in `call'
actionpack (6.0.0) lib/action_dispatch/middleware/remote_ip.rb:81:in `call'
actionpack (6.0.0) lib/action_dispatch/middleware/request_id.rb:27:in `call'
rack (2.0.7) lib/rack/method_override.rb:22:in `call'
rack (2.0.7) lib/rack/runtime.rb:22:in `call'
activesupport (6.0.0) lib/active_support/cache/strategy/local_cache_middleware.rb:29:in `call'
actionpack (6.0.0) lib/action_dispatch/middleware/executor.rb:14:in `call'
actionpack (6.0.0) lib/action_dispatch/middleware/static.rb:126:in `call'
rack (2.0.7) lib/rack/sendfile.rb:111:in `call'
actionpack (6.0.0) lib/action_dispatch/middleware/host_authorization.rb:83:in `call'
webpacker (4.0.7) lib/webpacker/dev_server_proxy.rb:29:in `perform_request'
rack-proxy (0.6.5) lib/rack/proxy.rb:57:in `call'
railties (6.0.0) lib/rails/engine.rb:526:in `call'
puma (3.12.1) lib/puma/configuration.rb:227:in `call'
puma (3.12.1) lib/puma/server.rb:660:in `handle_request'
puma (3.12.1) lib/puma/server.rb:474:in `process_client'
puma (3.12.1) lib/puma/server.rb:334:in `block in run'
puma (3.12.1) lib/puma/thread_pool.rb:135:in `block in spawn_thread'
Started GET "/" for ::1 at 2019-10-26 16:31:43 -0300
Processing by ArticlesController#index as HTML
Completed 406 Not Acceptable in 20ms (ActiveRecord: 0.0ms | Allocations: 2362)


  
ActionController::MissingExactTemplate (ArticlesController#index is missing a template for request formats: text/html):
  
actionpack (6.0.0) lib/action_controller/metal/implicit_render.rb:45:in `default_render'
actionpack (6.0.0) lib/action_controller/metal/basic_implicit_render.rb:6:in `block in send_action'
actionpack (6.0.0) lib/action_controller/metal/basic_implicit_render.rb:6:in `tap'
actionpack (6.0.0) lib/action_controller/metal/basic_implicit_render.rb:6:in `send_action'
actionpack (6.0.0) lib/abstract_controller/base.rb:196:in `process_action'
actionpack (6.0.0) lib/action_controller/metal/rendering.rb:30:in `process_action'
actionpack (6.0.0) lib/abstract_controller/callbacks.rb:42:in `block in process_action'
activesupport (6.0.0) lib/active_support/callbacks.rb:135:in `run_callbacks'
actionpack (6.0.0) lib/abstract_controller/callbacks.rb:41:in `process_action'
actionpack (6.0.0) lib/action_controller/metal/rescue.rb:22:in `process_action'
actionpack (6.0.0) lib/action_controller/metal/instrumentation.rb:33:in `block in process_action'
activesupport (6.0.0) lib/active_support/notifications.rb:180:in `block in instrument'
activesupport (6.0.0) lib/active_support/notifications/instrumenter.rb:24:in `instrument'
activesupport (6.0.0) lib/active_support/notifications.rb:180:in `instrument'
actionpack (6.0.0) lib/action_controller/metal/instrumentation.rb:32:in `process_action'
actionpack (6.0.0) lib/action_controller/metal/params_wrapper.rb:245:in `process_action'
activerecord (6.0.0) lib/active_record/railties/controller_runtime.rb:27:in `process_action'
actionpack (6.0.0) lib/abstract_controller/base.rb:136:in `process'
actionview (6.0.0) lib/action_view/rendering.rb:39:in `process'
actionpack (6.0.0) lib/action_controller/metal.rb:191:in `dispatch'
actionpack (6.0.0) lib/action_controller/metal.rb:252:in `dispatch'
actionpack (6.0.0) lib/action_dispatch/routing/route_set.rb:51:in `dispatch'
actionpack (6.0.0) lib/action_dispatch/routing/route_set.rb:33:in `serve'
actionpack (6.0.0) lib/action_dispatch/journey/router.rb:49:in `block in serve'
actionpack (6.0.0) lib/action_dispatch/journey/router.rb:32:in `each'
actionpack (6.0.0) lib/action_dispatch/journey/router.rb:32:in `serve'
actionpack (6.0.0) lib/action_dispatch/routing/route_set.rb:837:in `call'
rack (2.0.7) lib/rack/tempfile_reaper.rb:15:in `call'
rack (2.0.7) lib/rack/etag.rb:25:in `call'
rack (2.0.7) lib/rack/conditional_get.rb:25:in `call'
rack (2.0.7) lib/rack/head.rb:12:in `call'
actionpack (6.0.0) lib/action_dispatch/http/content_security_policy.rb:18:in `call'
rack (2.0.7) lib/rack/session/abstract/id.rb:232:in `context'
rack (2.0.7) lib/rack/session/abstract/id.rb:226:in `call'
actionpack (6.0.0) lib/action_dispatch/middleware/cookies.rb:648:in `call'
activerecord (6.0.0) lib/active_record/migration.rb:567:in `call'
actionpack (6.0.0) lib/action_dispatch/middleware/callbacks.rb:27:in `block in call'
activesupport (6.0.0) lib/active_support/callbacks.rb:101:in `run_callbacks'
actionpack (6.0.0) lib/action_dispatch/middleware/callbacks.rb:26:in `call'
actionpack (6.0.0) lib/action_dispatch/middleware/executor.rb:14:in `call'
actionpack (6.0.0) lib/action_dispatch/middleware/actionable_exceptions.rb:17:in `call'
actionpack (6.0.0) lib/action_dispatch/middleware/debug_exceptions.rb:32:in `call'
web-console (4.0.1) lib/web_console/middleware.rb:132:in `call_app'
web-console (4.0.1) lib/web_console/middleware.rb:28:in `block in call'
web-console (4.0.1) lib/web_console/middleware.rb:17:in `catch'
web-console (4.0.1) lib/web_console/middleware.rb:17:in `call'
actionpack (6.0.0) lib/action_dispatch/middleware/show_exceptions.rb:33:in `call'
railties (6.0.0) lib/rails/rack/logger.rb:38:in `call_app'
railties (6.0.0) lib/rails/rack/logger.rb:26:in `block in call'
activesupport (6.0.0) lib/active_support/tagged_logging.rb:80:in `block in tagged'
activesupport (6.0.0) lib/active_support/tagged_logging.rb:28:in `tagged'
activesupport (6.0.0) lib/active_support/tagged_logging.rb:80:in `tagged'
railties (6.0.0) lib/rails/rack/logger.rb:26:in `call'
sprockets-rails (3.2.1) lib/sprockets/rails/quiet_assets.rb:13:in `call'
actionpack (6.0.0) lib/action_dispatch/middleware/remote_ip.rb:81:in `call'
actionpack (6.0.0) lib/action_dispatch/middleware/request_id.rb:27:in `call'
rack (2.0.7) lib/rack/method_override.rb:22:in `call'
rack (2.0.7) lib/rack/runtime.rb:22:in `call'
activesupport (6.0.0) lib/active_support/cache/strategy/local_cache_middleware.rb:29:in `call'
actionpack (6.0.0) lib/action_dispatch/middleware/executor.rb:14:in `call'
actionpack (6.0.0) lib/action_dispatch/middleware/static.rb:126:in `call'
rack (2.0.7) lib/rack/sendfile.rb:111:in `call'
actionpack (6.0.0) lib/action_dispatch/middleware/host_authorization.rb:83:in `call'
webpacker (4.0.7) lib/webpacker/dev_server_proxy.rb:29:in `perform_request'
rack-proxy (0.6.5) lib/rack/proxy.rb:57:in `call'
railties (6.0.0) lib/rails/engine.rb:526:in `call'
puma (3.12.1) lib/puma/configuration.rb:227:in `call'
puma (3.12.1) lib/puma/server.rb:660:in `handle_request'
puma (3.12.1) lib/puma/server.rb:474:in `process_client'
puma (3.12.1) lib/puma/server.rb:334:in `block in run'
puma (3.12.1) lib/puma/thread_pool.rb:135:in `block in spawn_thread'
  [1m[35m (5.6ms)[0m  [1m[34mSELECT sqlite_version(*)[0m
  [1m[35m (0.3ms)[0m  [1m[34mSELECT "schema_migrations"."version" FROM "schema_migrations" ORDER BY "schema_migrations"."version" ASC[0m
Migrating to CreatePosts (20191026193657)
  [1m[35m (0.1ms)[0m  [1m[36mbegin transaction[0m
  [1m[35m (2.1ms)[0m  [1m[35mCREATE TABLE "posts" ("id" integer PRIMARY KEY AUTOINCREMENT NOT NULL, "title" varchar, "text" text, "created_at" datetime(6) NOT NULL, "updated_at" datetime(6) NOT NULL)[0m
  [1m[36mprimary::SchemaMigration Create (0.3ms)[0m  [1m[32mINSERT INTO "schema_migrations" ("version") VALUES (?)[0m  [["version", "20191026193657"]]
  [1m[35m (252.0ms)[0m  [1m[36mcommit transaction[0m
  [1m[36mActiveRecord::InternalMetadata Load (0.4ms)[0m  [1m[34mSELECT "ar_internal_metadata".* FROM "ar_internal_metadata" WHERE "ar_internal_metadata"."key" = ? LIMIT ?[0m  [["key", "environment"], ["LIMIT", 1]]
  [1m[35m (0.1ms)[0m  [1m[34mSELECT sqlite_version(*)[0m
  [1m[35m (0.2ms)[0m  [1m[34mSELECT "schema_migrations"."version" FROM "schema_migrations" ORDER BY "schema_migrations"."version" ASC[0m
Started GET "/" for ::1 at 2019-10-26 16:51:11 -0300
  [1m[35m (4.5ms)[0m  [1m[34mSELECT sqlite_version(*)[0m
  [1m[35m (0.4ms)[0m  [1m[34mSELECT "schema_migrations"."version" FROM "schema_migrations" ORDER BY "schema_migrations"."version" ASC[0m
Processing by PostsController#index as HTML
Completed 406 Not Acceptable in 23ms (ActiveRecord: 0.0ms | Allocations: 2337)


  
ActionController::MissingExactTemplate (PostsController#index is missing a template for request formats: text/html):
  
actionpack (6.0.0) lib/action_controller/metal/implicit_render.rb:45:in `default_render'
actionpack (6.0.0) lib/action_controller/metal/basic_implicit_render.rb:6:in `block in send_action'
actionpack (6.0.0) lib/action_controller/metal/basic_implicit_render.rb:6:in `tap'
actionpack (6.0.0) lib/action_controller/metal/basic_implicit_render.rb:6:in `send_action'
actionpack (6.0.0) lib/abstract_controller/base.rb:196:in `process_action'
actionpack (6.0.0) lib/action_controller/metal/rendering.rb:30:in `process_action'
actionpack (6.0.0) lib/abstract_controller/callbacks.rb:42:in `block in process_action'
activesupport (6.0.0) lib/active_support/callbacks.rb:135:in `run_callbacks'
actionpack (6.0.0) lib/abstract_controller/callbacks.rb:41:in `process_action'
actionpack (6.0.0) lib/action_controller/metal/rescue.rb:22:in `process_action'
actionpack (6.0.0) lib/action_controller/metal/instrumentation.rb:33:in `block in process_action'
activesupport (6.0.0) lib/active_support/notifications.rb:180:in `block in instrument'
activesupport (6.0.0) lib/active_support/notifications/instrumenter.rb:24:in `instrument'
activesupport (6.0.0) lib/active_support/notifications.rb:180:in `instrument'
actionpack (6.0.0) lib/action_controller/metal/instrumentation.rb:32:in `process_action'
actionpack (6.0.0) lib/action_controller/metal/params_wrapper.rb:245:in `process_action'
activerecord (6.0.0) lib/active_record/railties/controller_runtime.rb:27:in `process_action'
actionpack (6.0.0) lib/abstract_controller/base.rb:136:in `process'
actionview (6.0.0) lib/action_view/rendering.rb:39:in `process'
actionpack (6.0.0) lib/action_controller/metal.rb:191:in `dispatch'
actionpack (6.0.0) lib/action_controller/metal.rb:252:in `dispatch'
actionpack (6.0.0) lib/action_dispatch/routing/route_set.rb:51:in `dispatch'
actionpack (6.0.0) lib/action_dispatch/routing/route_set.rb:33:in `serve'
actionpack (6.0.0) lib/action_dispatch/journey/router.rb:49:in `block in serve'
actionpack (6.0.0) lib/action_dispatch/journey/router.rb:32:in `each'
actionpack (6.0.0) lib/action_dispatch/journey/router.rb:32:in `serve'
actionpack (6.0.0) lib/action_dispatch/routing/route_set.rb:837:in `call'
rack (2.0.7) lib/rack/tempfile_reaper.rb:15:in `call'
rack (2.0.7) lib/rack/etag.rb:25:in `call'
rack (2.0.7) lib/rack/conditional_get.rb:25:in `call'
rack (2.0.7) lib/rack/head.rb:12:in `call'
actionpack (6.0.0) lib/action_dispatch/http/content_security_policy.rb:18:in `call'
rack (2.0.7) lib/rack/session/abstract/id.rb:232:in `context'
rack (2.0.7) lib/rack/session/abstract/id.rb:226:in `call'
actionpack (6.0.0) lib/action_dispatch/middleware/cookies.rb:648:in `call'
activerecord (6.0.0) lib/active_record/migration.rb:567:in `call'
actionpack (6.0.0) lib/action_dispatch/middleware/callbacks.rb:27:in `block in call'
activesupport (6.0.0) lib/active_support/callbacks.rb:101:in `run_callbacks'
actionpack (6.0.0) lib/action_dispatch/middleware/callbacks.rb:26:in `call'
actionpack (6.0.0) lib/action_dispatch/middleware/executor.rb:14:in `call'
actionpack (6.0.0) lib/action_dispatch/middleware/actionable_exceptions.rb:17:in `call'
actionpack (6.0.0) lib/action_dispatch/middleware/debug_exceptions.rb:32:in `call'
web-console (4.0.1) lib/web_console/middleware.rb:132:in `call_app'
web-console (4.0.1) lib/web_console/middleware.rb:28:in `block in call'
web-console (4.0.1) lib/web_console/middleware.rb:17:in `catch'
web-console (4.0.1) lib/web_console/middleware.rb:17:in `call'
actionpack (6.0.0) lib/action_dispatch/middleware/show_exceptions.rb:33:in `call'
railties (6.0.0) lib/rails/rack/logger.rb:38:in `call_app'
railties (6.0.0) lib/rails/rack/logger.rb:26:in `block in call'
activesupport (6.0.0) lib/active_support/tagged_logging.rb:80:in `block in tagged'
activesupport (6.0.0) lib/active_support/tagged_logging.rb:28:in `tagged'
activesupport (6.0.0) lib/active_support/tagged_logging.rb:80:in `tagged'
railties (6.0.0) lib/rails/rack/logger.rb:26:in `call'
sprockets-rails (3.2.1) lib/sprockets/rails/quiet_assets.rb:13:in `call'
actionpack (6.0.0) lib/action_dispatch/middleware/remote_ip.rb:81:in `call'
actionpack (6.0.0) lib/action_dispatch/middleware/request_id.rb:27:in `call'
rack (2.0.7) lib/rack/method_override.rb:22:in `call'
rack (2.0.7) lib/rack/runtime.rb:22:in `call'
activesupport (6.0.0) lib/active_support/cache/strategy/local_cache_middleware.rb:29:in `call'
actionpack (6.0.0) lib/action_dispatch/middleware/executor.rb:14:in `call'
actionpack (6.0.0) lib/action_dispatch/middleware/static.rb:126:in `call'
rack (2.0.7) lib/rack/sendfile.rb:111:in `call'
actionpack (6.0.0) lib/action_dispatch/middleware/host_authorization.rb:83:in `call'
webpacker (4.0.7) lib/webpacker/dev_server_proxy.rb:29:in `perform_request'
rack-proxy (0.6.5) lib/rack/proxy.rb:57:in `call'
railties (6.0.0) lib/rails/engine.rb:526:in `call'
puma (3.12.1) lib/puma/configuration.rb:227:in `call'
puma (3.12.1) lib/puma/server.rb:660:in `handle_request'
puma (3.12.1) lib/puma/server.rb:474:in `process_client'
puma (3.12.1) lib/puma/server.rb:334:in `block in run'
puma (3.12.1) lib/puma/thread_pool.rb:135:in `block in spawn_thread'
Started GET "/" for ::1 at 2019-10-26 16:53:22 -0300
  [1m[35m (4.5ms)[0m  [1m[34mSELECT sqlite_version(*)[0m
  [1m[35m (0.4ms)[0m  [1m[34mSELECT "schema_migrations"."version" FROM "schema_migrations" ORDER BY "schema_migrations"."version" ASC[0m
Processing by WelcomeController#index as HTML
Completed 406 Not Acceptable in 20ms (ActiveRecord: 0.0ms | Allocations: 1989)


  
ActionController::MissingExactTemplate (WelcomeController#index is missing a template for request formats: text/html):
  
actionpack (6.0.0) lib/action_controller/metal/implicit_render.rb:45:in `default_render'
actionpack (6.0.0) lib/action_controller/metal/basic_implicit_render.rb:6:in `block in send_action'
actionpack (6.0.0) lib/action_controller/metal/basic_implicit_render.rb:6:in `tap'
actionpack (6.0.0) lib/action_controller/metal/basic_implicit_render.rb:6:in `send_action'
actionpack (6.0.0) lib/abstract_controller/base.rb:196:in `process_action'
actionpack (6.0.0) lib/action_controller/metal/rendering.rb:30:in `process_action'
actionpack (6.0.0) lib/abstract_controller/callbacks.rb:42:in `block in process_action'
activesupport (6.0.0) lib/active_support/callbacks.rb:135:in `run_callbacks'
actionpack (6.0.0) lib/abstract_controller/callbacks.rb:41:in `process_action'
actionpack (6.0.0) lib/action_controller/metal/rescue.rb:22:in `process_action'
actionpack (6.0.0) lib/action_controller/metal/instrumentation.rb:33:in `block in process_action'
activesupport (6.0.0) lib/active_support/notifications.rb:180:in `block in instrument'
activesupport (6.0.0) lib/active_support/notifications/instrumenter.rb:24:in `instrument'
activesupport (6.0.0) lib/active_support/notifications.rb:180:in `instrument'
actionpack (6.0.0) lib/action_controller/metal/instrumentation.rb:32:in `process_action'
actionpack (6.0.0) lib/action_controller/metal/params_wrapper.rb:245:in `process_action'
activerecord (6.0.0) lib/active_record/railties/controller_runtime.rb:27:in `process_action'
actionpack (6.0.0) lib/abstract_controller/base.rb:136:in `process'
actionview (6.0.0) lib/action_view/rendering.rb:39:in `process'
actionpack (6.0.0) lib/action_controller/metal.rb:191:in `dispatch'
actionpack (6.0.0) lib/action_controller/metal.rb:252:in `dispatch'
actionpack (6.0.0) lib/action_dispatch/routing/route_set.rb:51:in `dispatch'
actionpack (6.0.0) lib/action_dispatch/routing/route_set.rb:33:in `serve'
actionpack (6.0.0) lib/action_dispatch/journey/router.rb:49:in `block in serve'
actionpack (6.0.0) lib/action_dispatch/journey/router.rb:32:in `each'
actionpack (6.0.0) lib/action_dispatch/journey/router.rb:32:in `serve'
actionpack (6.0.0) lib/action_dispatch/routing/route_set.rb:837:in `call'
rack (2.0.7) lib/rack/tempfile_reaper.rb:15:in `call'
rack (2.0.7) lib/rack/etag.rb:25:in `call'
rack (2.0.7) lib/rack/conditional_get.rb:25:in `call'
rack (2.0.7) lib/rack/head.rb:12:in `call'
actionpack (6.0.0) lib/action_dispatch/http/content_security_policy.rb:18:in `call'
rack (2.0.7) lib/rack/session/abstract/id.rb:232:in `context'
rack (2.0.7) lib/rack/session/abstract/id.rb:226:in `call'
actionpack (6.0.0) lib/action_dispatch/middleware/cookies.rb:648:in `call'
activerecord (6.0.0) lib/active_record/migration.rb:567:in `call'
actionpack (6.0.0) lib/action_dispatch/middleware/callbacks.rb:27:in `block in call'
activesupport (6.0.0) lib/active_support/callbacks.rb:101:in `run_callbacks'
actionpack (6.0.0) lib/action_dispatch/middleware/callbacks.rb:26:in `call'
actionpack (6.0.0) lib/action_dispatch/middleware/executor.rb:14:in `call'
actionpack (6.0.0) lib/action_dispatch/middleware/actionable_exceptions.rb:17:in `call'
actionpack (6.0.0) lib/action_dispatch/middleware/debug_exceptions.rb:32:in `call'
web-console (4.0.1) lib/web_console/middleware.rb:132:in `call_app'
web-console (4.0.1) lib/web_console/middleware.rb:28:in `block in call'
web-console (4.0.1) lib/web_console/middleware.rb:17:in `catch'
web-console (4.0.1) lib/web_console/middleware.rb:17:in `call'
actionpack (6.0.0) lib/action_dispatch/middleware/show_exceptions.rb:33:in `call'
railties (6.0.0) lib/rails/rack/logger.rb:38:in `call_app'
railties (6.0.0) lib/rails/rack/logger.rb:26:in `block in call'
activesupport (6.0.0) lib/active_support/tagged_logging.rb:80:in `block in tagged'
activesupport (6.0.0) lib/active_support/tagged_logging.rb:28:in `tagged'
activesupport (6.0.0) lib/active_support/tagged_logging.rb:80:in `tagged'
railties (6.0.0) lib/rails/rack/logger.rb:26:in `call'
sprockets-rails (3.2.1) lib/sprockets/rails/quiet_assets.rb:13:in `call'
actionpack (6.0.0) lib/action_dispatch/middleware/remote_ip.rb:81:in `call'
actionpack (6.0.0) lib/action_dispatch/middleware/request_id.rb:27:in `call'
rack (2.0.7) lib/rack/method_override.rb:22:in `call'
rack (2.0.7) lib/rack/runtime.rb:22:in `call'
activesupport (6.0.0) lib/active_support/cache/strategy/local_cache_middleware.rb:29:in `call'
actionpack (6.0.0) lib/action_dispatch/middleware/executor.rb:14:in `call'
actionpack (6.0.0) lib/action_dispatch/middleware/static.rb:126:in `call'
rack (2.0.7) lib/rack/sendfile.rb:111:in `call'
actionpack (6.0.0) lib/action_dispatch/middleware/host_authorization.rb:83:in `call'
webpacker (4.0.7) lib/webpacker/dev_server_proxy.rb:29:in `perform_request'
rack-proxy (0.6.5) lib/rack/proxy.rb:57:in `call'
railties (6.0.0) lib/rails/engine.rb:526:in `call'
puma (3.12.1) lib/puma/configuration.rb:227:in `call'
puma (3.12.1) lib/puma/server.rb:660:in `handle_request'
puma (3.12.1) lib/puma/server.rb:474:in `process_client'
puma (3.12.1) lib/puma/server.rb:334:in `block in run'
puma (3.12.1) lib/puma/thread_pool.rb:135:in `block in spawn_thread'
Started GET "/" for ::1 at 2019-10-26 16:54:55 -0300
  [1m[35m (5.4ms)[0m  [1m[34mSELECT sqlite_version(*)[0m
  [1m[35m (0.3ms)[0m  [1m[34mSELECT "schema_migrations"."version" FROM "schema_migrations" ORDER BY "schema_migrations"."version" ASC[0m
Processing by WelcomeController#index as HTML
Completed 406 Not Acceptable in 21ms (ActiveRecord: 0.0ms | Allocations: 1990)


  
ActionController::MissingExactTemplate (WelcomeController#index is missing a template for request formats: text/html):
  
actionpack (6.0.0) lib/action_controller/metal/implicit_render.rb:45:in `default_render'
actionpack (6.0.0) lib/action_controller/metal/basic_implicit_render.rb:6:in `block in send_action'
actionpack (6.0.0) lib/action_controller/metal/basic_implicit_render.rb:6:in `tap'
actionpack (6.0.0) lib/action_controller/metal/basic_implicit_render.rb:6:in `send_action'
actionpack (6.0.0) lib/abstract_controller/base.rb:196:in `process_action'
actionpack (6.0.0) lib/action_controller/metal/rendering.rb:30:in `process_action'
actionpack (6.0.0) lib/abstract_controller/callbacks.rb:42:in `block in process_action'
activesupport (6.0.0) lib/active_support/callbacks.rb:135:in `run_callbacks'
actionpack (6.0.0) lib/abstract_controller/callbacks.rb:41:in `process_action'
actionpack (6.0.0) lib/action_controller/metal/rescue.rb:22:in `process_action'
actionpack (6.0.0) lib/action_controller/metal/instrumentation.rb:33:in `block in process_action'
activesupport (6.0.0) lib/active_support/notifications.rb:180:in `block in instrument'
activesupport (6.0.0) lib/active_support/notifications/instrumenter.rb:24:in `instrument'
activesupport (6.0.0) lib/active_support/notifications.rb:180:in `instrument'
actionpack (6.0.0) lib/action_controller/metal/instrumentation.rb:32:in `process_action'
actionpack (6.0.0) lib/action_controller/metal/params_wrapper.rb:245:in `process_action'
activerecord (6.0.0) lib/active_record/railties/controller_runtime.rb:27:in `process_action'
actionpack (6.0.0) lib/abstract_controller/base.rb:136:in `process'
actionview (6.0.0) lib/action_view/rendering.rb:39:in `process'
actionpack (6.0.0) lib/action_controller/metal.rb:191:in `dispatch'
actionpack (6.0.0) lib/action_controller/metal.rb:252:in `dispatch'
actionpack (6.0.0) lib/action_dispatch/routing/route_set.rb:51:in `dispatch'
actionpack (6.0.0) lib/action_dispatch/routing/route_set.rb:33:in `serve'
actionpack (6.0.0) lib/action_dispatch/journey/router.rb:49:in `block in serve'
actionpack (6.0.0) lib/action_dispatch/journey/router.rb:32:in `each'
actionpack (6.0.0) lib/action_dispatch/journey/router.rb:32:in `serve'
actionpack (6.0.0) lib/action_dispatch/routing/route_set.rb:837:in `call'
rack (2.0.7) lib/rack/tempfile_reaper.rb:15:in `call'
rack (2.0.7) lib/rack/etag.rb:25:in `call'
rack (2.0.7) lib/rack/conditional_get.rb:25:in `call'
rack (2.0.7) lib/rack/head.rb:12:in `call'
actionpack (6.0.0) lib/action_dispatch/http/content_security_policy.rb:18:in `call'
rack (2.0.7) lib/rack/session/abstract/id.rb:232:in `context'
rack (2.0.7) lib/rack/session/abstract/id.rb:226:in `call'
actionpack (6.0.0) lib/action_dispatch/middleware/cookies.rb:648:in `call'
activerecord (6.0.0) lib/active_record/migration.rb:567:in `call'
actionpack (6.0.0) lib/action_dispatch/middleware/callbacks.rb:27:in `block in call'
activesupport (6.0.0) lib/active_support/callbacks.rb:101:in `run_callbacks'
actionpack (6.0.0) lib/action_dispatch/middleware/callbacks.rb:26:in `call'
actionpack (6.0.0) lib/action_dispatch/middleware/executor.rb:14:in `call'
actionpack (6.0.0) lib/action_dispatch/middleware/actionable_exceptions.rb:17:in `call'
actionpack (6.0.0) lib/action_dispatch/middleware/debug_exceptions.rb:32:in `call'
web-console (4.0.1) lib/web_console/middleware.rb:132:in `call_app'
web-console (4.0.1) lib/web_console/middleware.rb:28:in `block in call'
web-console (4.0.1) lib/web_console/middleware.rb:17:in `catch'
web-console (4.0.1) lib/web_console/middleware.rb:17:in `call'
actionpack (6.0.0) lib/action_dispatch/middleware/show_exceptions.rb:33:in `call'
railties (6.0.0) lib/rails/rack/logger.rb:38:in `call_app'
railties (6.0.0) lib/rails/rack/logger.rb:26:in `block in call'
activesupport (6.0.0) lib/active_support/tagged_logging.rb:80:in `block in tagged'
activesupport (6.0.0) lib/active_support/tagged_logging.rb:28:in `tagged'
activesupport (6.0.0) lib/active_support/tagged_logging.rb:80:in `tagged'
railties (6.0.0) lib/rails/rack/logger.rb:26:in `call'
sprockets-rails (3.2.1) lib/sprockets/rails/quiet_assets.rb:13:in `call'
actionpack (6.0.0) lib/action_dispatch/middleware/remote_ip.rb:81:in `call'
actionpack (6.0.0) lib/action_dispatch/middleware/request_id.rb:27:in `call'
rack (2.0.7) lib/rack/method_override.rb:22:in `call'
rack (2.0.7) lib/rack/runtime.rb:22:in `call'
activesupport (6.0.0) lib/active_support/cache/strategy/local_cache_middleware.rb:29:in `call'
actionpack (6.0.0) lib/action_dispatch/middleware/executor.rb:14:in `call'
actionpack (6.0.0) lib/action_dispatch/middleware/static.rb:126:in `call'
rack (2.0.7) lib/rack/sendfile.rb:111:in `call'
actionpack (6.0.0) lib/action_dispatch/middleware/host_authorization.rb:83:in `call'
webpacker (4.0.7) lib/webpacker/dev_server_proxy.rb:29:in `perform_request'
rack-proxy (0.6.5) lib/rack/proxy.rb:57:in `call'
railties (6.0.0) lib/rails/engine.rb:526:in `call'
puma (3.12.1) lib/puma/configuration.rb:227:in `call'
puma (3.12.1) lib/puma/server.rb:660:in `handle_request'
puma (3.12.1) lib/puma/server.rb:474:in `process_client'
puma (3.12.1) lib/puma/server.rb:334:in `block in run'
puma (3.12.1) lib/puma/thread_pool.rb:135:in `block in spawn_thread'
